0 info it worked if it ends with ok
1 verbose cli [ 'node', '/usr/local/bin/npm', 'run', 'build' ]
2 info using npm@3.10.9
3 info using node@v0.10.31
4 verbose node symlink /usr/local/bin/node
5 verbose run-script [ 'prebuild', 'build', 'postbuild' ]
6 info lifecycle docbox@1.0.2~prebuild: docbox@1.0.2
7 silly lifecycle docbox@1.0.2~prebuild: no script for prebuild, continuing
8 info lifecycle docbox@1.0.2~build: docbox@1.0.2
9 verbose lifecycle docbox@1.0.2~build: unsafe-perm in lifecycle true
10 verbose lifecycle docbox@1.0.2~build: PATH: /usr/local/lib/node_modules/npm/bin/node-gyp-bin:/Users/beth/Desktop/Documents/Maptime/github/api-docs/node_modules/.bin:/Users/beth/.rbenv/shims:/Users/beth/.rbenv/bin:/usr/local/bin:/usr/local/bin:/usr/bin:/bin:/usr/sbin:/sbin
11 verbose lifecycle docbox@1.0.2~build: CWD: /Users/beth/Desktop/Documents/Maptime/github/api-docs
12 silly lifecycle docbox@1.0.2~build: Args: [ '-c',
12 silly lifecycle   'NODE_ENV=production browserify src/index.js | uglifyjs -c -m > docs-build/bundle.js && npm run prerender -- docs-build/index.html' ]
13 silly lifecycle docbox@1.0.2~build: Returned: code: 1  signal: null
14 info lifecycle docbox@1.0.2~build: Failed to exec build script
15 verbose stack Error: docbox@1.0.2 build: `NODE_ENV=production browserify src/index.js | uglifyjs -c -m > docs-build/bundle.js && npm run prerender -- docs-build/index.html`
15 verbose stack Exit status 1
15 verbose stack     at EventEmitter.<anonymous> (/usr/local/lib/node_modules/npm/lib/utils/lifecycle.js:255:16)
15 verbose stack     at EventEmitter.emit (events.js:98:17)
15 verbose stack     at ChildProcess.<anonymous> (/usr/local/lib/node_modules/npm/lib/utils/spawn.js:40:14)
15 verbose stack     at ChildProcess.emit (events.js:98:17)
15 verbose stack     at maybeClose (child_process.js:756:16)
15 verbose stack     at Process.ChildProcess._handle.onexit (child_process.js:823:5)
16 verbose pkgid docbox@1.0.2
17 verbose cwd /Users/beth/Desktop/Documents/Maptime/github/api-docs
18 error Darwin 14.5.0
19 error argv "node" "/usr/local/bin/npm" "run" "build"
20 error node v0.10.31
21 error npm  v3.10.9
22 error code ELIFECYCLE
23 error docbox@1.0.2 build: `NODE_ENV=production browserify src/index.js | uglifyjs -c -m > docs-build/bundle.js && npm run prerender -- docs-build/index.html`
23 error Exit status 1
24 error Failed at the docbox@1.0.2 build script 'NODE_ENV=production browserify src/index.js | uglifyjs -c -m > docs-build/bundle.js && npm run prerender -- docs-build/index.html'.
24 error Make sure you have the latest version of node.js and npm installed.
24 error If you do, this is most likely a problem with the docbox package,
24 error not with npm itself.
24 error Tell the author that this fails on your system:
24 error     NODE_ENV=production browserify src/index.js | uglifyjs -c -m > docs-build/bundle.js && npm run prerender -- docs-build/index.html
24 error You can get information on how to open an issue for this project with:
24 error     npm bugs docbox
24 error Or if that isn't available, you can get their info via:
24 error     npm owner ls docbox
24 error There is likely additional logging output above.
25 verbose exit [ 1, true ]
